<?xml version="1.0" encoding="UTF-8"?>
<!-- Generated by org.testng.reporters.JUnitReportReporter -->
<testsuite hostname="DESKTOP-TSTIVH9" failures="0" tests="3" name="packagenew.TestExtent" time="30.529" errors="0" timestamp="2024-11-16T23:09:30 IST" skipped="0">
  <testcase classname="packagenew.TestExtent" name="methodOne" time="27.971"/>
  <system-out/>
  <testcase classname="packagenew.TestExtent" name="methodTwo" time="1.333"/>
  <system-out/>
  <testcase classname="packagenew.TestExtent" name="methodThree" time="1.225"/>
  <system-out/>
</testsuite> <!-- packagenew.TestExtent -->
